<?xml version="1.0" encoding="UTF-8"?>
<!-- Generated by org.testng.reporters.JUnitReportReporter -->
<testsuite ignored="5" hostname="DESKTOP-APNNJ1I" failures="0" tests="1" name="CoolTesters.Selenium.HardAssert" time="10.471" errors="0" timestamp="03 oct. 2020 16:00:32 GMT" skipped="0">
  <testcase classname="CoolTesters.Selenium.HardAssert" name="verificarTituloDePaginaBooleana" time="10.471"/>
  <testcase classname="CoolTesters.Selenium.HardAssert" name="verificarTituloDePagina">
    <skipped/>
  </testcase> <!-- verificarTituloDePagina -->
  <testcase classname="CoolTesters.Selenium.HardAssert" name="assertEquals">
    <skipped/>
  </testcase> <!-- assertEquals -->
  <testcase classname="CoolTesters.Selenium.HardAssert" name="assertfalse">
    <skipped/>
  </testcase> <!-- assertfalse -->
  <testcase classname="CoolTesters.Selenium.HardAssert" name="assertNoEquals">
    <skipped/>
  </testcase> <!-- assertNoEquals -->
  <testcase classname="CoolTesters.Selenium.HardAssert" name="assertTrue">
    <skipped/>
  </testcase> <!-- assertTrue -->
</testsuite> <!-- CoolTesters.Selenium.HardAssert -->
