<?xml version="1.0" encoding="UTF-8"?>
<!-- Generated by org.testng.reporters.JUnitReportReporter -->
<testsuite ignored="0" hostname="DESKTOP-APNNJ1I" failures="0" tests="1" name="loginTest.TC_01_CorrecLogin" time="6.512" errors="0" timestamp="14 oct. 2020 23:34:48 GMT" skipped="0">
  <testcase classname="loginTest.TC_01_CorrecLogin" name="TC_01" time="6.512"/>
</testsuite> <!-- loginTest.TC_01_CorrecLogin -->
